New log file opened at Wed Apr 22 11:46:16 PDT 2015 by 3759@israas-MacBook-Pro.local
Taking next connection to: 59610
New client attempting to connect on port: 59611-59610
  Address = /192.168.0.11:59610
This client on port 59611 has uuid 654a5e61-b32e-40a8-8fa1-4aa30b7a232f configName activator humanReadableName Activator protocolVersion 1 featureTags Vector()
Connected Clients: activator-654a5e61-b32e-40a8-8fa1-4aa30b7a232f
Taking next connection to: 59610
New client attempting to connect on port: 59612-59610
  Address = /192.168.0.11:59610
Handshake exception on socket: 59612
sbt.impl.ipc.HandshakeException: Unable to perform handshake
	at sbt.impl.ipc.Peer.handshake(IPC.scala:46)
	at sbt.impl.ipc.MultiClientServer.<init>(IPC.scala:150)
	at sbt.server.SbtServerSocketHandler$$anon$1.run(SbtServerSocketHandler.scala:43)
Caused by: java.io.EOFException
	at java.io.DataInputStream.readInt(DataInputStream.java:392)
	at sbt.impl.ipc.Peer.receive(IPC.scala:95)
	at sbt.impl.ipc.Peer.handshake(IPC.scala:49)
	... 2 more
Taking next connection to: 59610
New client attempting to connect on port: 59613-59610
  Address = /192.168.0.11:59610
This client on port 59613 has uuid a14a952f-94c0-4b6e-a69d-9d57d1875a46 configName activator humanReadableName Activator protocolVersion 1 featureTags Vector()
Connected Clients: activator-a14a952f-94c0-4b6e-a69d-9d57d1875a46
Taking next connection to: 59610
Server socket closed java.net.SocketException: Socket closed
Server socket thread exiting.
1 clients open, will close them...
All client sockets have been closed.
Closing the 3759@israas-MacBook-Pro.local logs at Wed Apr 22 11:47:27 PDT 2015, goodbye.
